190411-11:35:24 [INFO] -- 
190411-11:35:24 [INFO] -- 
190411-11:35:24 [INFO] -- ============================================================
190411-11:35:24 [INFO] -- ATMSSStarter: Application Starting...
190411-11:35:25 [INFO] -- CardReaderHandler: starting...
190411-11:35:25 [INFO] -- TouchDisplayHandler: starting...
190411-11:35:25 [INFO] -- KeypadHandler: starting...
190411-11:35:25 [INFO] -- timer: starting...
190411-11:35:25 [INFO] -- CashDepositCollectorHandler: starting...
190411-11:35:25 [INFO] -- ATMSS: starting...
190411-11:35:25 [INFO] -- CashDispenserHandler: starting...
190411-11:35:27 [INFO] -- Received: $100
190411-11:35:27 [INFO] -- CardReaderHandler: print
190411-11:35:30 [INFO] -- 
190411-11:35:30 [INFO] -- 
190411-11:35:30 [INFO] -- ============================================================
190411-11:35:30 [INFO] -- ATMSSStarter: Application Stopping...
190411-11:35:30 [INFO] -- timer: received terminate!
190411-11:35:30 [INFO] -- ATMSS: terminating...
190411-11:35:30 [INFO] -- CashDispenserHandler: terminating...
190411-11:35:30 [INFO] -- CashDepositCollectorHandler: terminating...
190411-11:35:30 [INFO] -- timer: terminating...
190411-11:35:30 [INFO] -- KeypadHandler: terminating...
190411-11:35:30 [INFO] -- TouchDisplayHandler: terminating...
190411-11:35:30 [INFO] -- CardReaderHandler: terminating...
